[===== NOW BUILDING:	netpipes-4.2	=====]
	[fetch] complete for netpipes.
	[checksum] complete for netpipes.
	[extract] complete for netpipes.
	[patch] complete for netpipes.
make[1]: Entering directory `/home/paul/svnroot/minimyth/gar-minimyth/script/net/netpipes'
make[1]: `../../lang/c/cookies/main.d/install' is up to date.
make[1]: Leaving directory `/home/paul/svnroot/minimyth/gar-minimyth/script/net/netpipes'
	[configure] complete for netpipes.
 ==> Running make in work/main.d/netpipes-4.2.orig
make[1]: Entering directory `/home/paul/svnroot/minimyth/gar-minimyth/script/net/netpipes/work/main.d/netpipes-4.2.orig'
i586-minimyth-linux-gnu-gcc -pipe -march=pentium-mmx -Os -m32 -DUSE_IOCTL -DPOSIX_SIG -DHAVE_INET_ATON   -c -o faucet.o faucet.c
i586-minimyth-linux-gnu-gcc -pipe -march=pentium-mmx -Os -m32 -DUSE_IOCTL -DPOSIX_SIG -DHAVE_INET_ATON   -c -o common.o common.c
i586-minimyth-linux-gnu-gcc -pipe -march=pentium-mmx -Os -m32 -DUSE_IOCTL -DPOSIX_SIG -DHAVE_INET_ATON   -c -o version.o version.c
i586-minimyth-linux-gnu-gcc -pipe -march=pentium-mmx -Os -m32 -DUSE_IOCTL -DPOSIX_SIG -DHAVE_INET_ATON   -c -o hose.o hose.c
i586-minimyth-linux-gnu-gcc -pipe -march=pentium-mmx -Os -m32 -DUSE_IOCTL -DPOSIX_SIG -DHAVE_INET_ATON   -c -o memmove.o memmove.c
i586-minimyth-linux-gnu-gcc -pipe -march=pentium-mmx -Os -m32 -DUSE_IOCTL -DPOSIX_SIG -DHAVE_INET_ATON   -c -o sockdown.o sockdown.c
i586-minimyth-linux-gnu-gcc -pipe -march=pentium-mmx -Os -m32 -DUSE_IOCTL -DPOSIX_SIG -DHAVE_INET_ATON   -c -o getpeername.o getpeername.c
i586-minimyth-linux-gnu-gcc -pipe -march=pentium-mmx -Os -m32 -DUSE_IOCTL -DPOSIX_SIG -DHAVE_INET_ATON   -c -o timelimit.o timelimit.c
timelimit.c: In function ‘main’:
timelimit.c:119: warning: incompatible implicit declaration of built-in function ‘strlen’
i586-minimyth-linux-gnu-gcc -pipe -march=pentium-mmx -Os -m32 -DUSE_IOCTL -DPOSIX_SIG -DHAVE_INET_ATON   -c -o encapsulate.o encapsulate.c
i586-minimyth-linux-gnu-gcc -pipe -march=pentium-mmx -Os -m32 -DUSE_IOCTL -DPOSIX_SIG -DHAVE_INET_ATON -o faucet faucet.o common.o version.o 
i586-minimyth-linux-gnu-gcc -pipe -march=pentium-mmx -Os -m32 -DUSE_IOCTL -DPOSIX_SIG -DHAVE_INET_ATON -o hose hose.o common.o version.o memmove.o 
i586-minimyth-linux-gnu-gcc -pipe -march=pentium-mmx -Os -m32 -DUSE_IOCTL -DPOSIX_SIG -DHAVE_INET_ATON -o sockdown sockdown.o version.o 
i586-minimyth-linux-gnu-gcc -pipe -march=pentium-mmx -Os -m32 -DUSE_IOCTL -DPOSIX_SIG -DHAVE_INET_ATON -o getpeername getpeername.o version.o 
i586-minimyth-linux-gnu-gcc -pipe -march=pentium-mmx -Os -m32 -DUSE_IOCTL -DPOSIX_SIG -DHAVE_INET_ATON -o timelimit timelimit.o version.o 
i586-minimyth-linux-gnu-gcc -pipe -march=pentium-mmx -Os -m32 -DUSE_IOCTL -DPOSIX_SIG -DHAVE_INET_ATON -o encapsulate encapsulate.o common.o version.o memmove.o 
make[1]: Leaving directory `/home/paul/svnroot/minimyth/gar-minimyth/script/net/netpipes/work/main.d/netpipes-4.2.orig'
	[build] complete for netpipes.
